{
  "RSpec": {
    "coverage": {
      "/Users/thedanielvogelsang/TuringFolder/4module/Capstone/Van_CSV_Uploader/app/helpers/application_helper.rb": [
        1,
        null
      ],
      "/Users/thedanielvogelsang/TuringFolder/4module/Capstone/Van_CSV_Uploader/app/helpers/home_helper.rb": [
        1,
        null
      ],
      "/Users/thedanielvogelsang/TuringFolder/4module/Capstone/Van_CSV_Uploader/app/helpers/sessions_helper.rb": [
        1,
        null
      ],
      "/Users/thedanielvogelsang/TuringFolder/4module/Capstone/Van_CSV_Uploader/app/helpers/users_helper.rb": [
        1,
        null
      ],
      "/Users/thedanielvogelsang/TuringFolder/4module/Capstone/Van_CSV_Uploader/app/models/survey_converter.rb": [
        1,
        null,
        1,
        10,
        10,
        null,
        null,
        1,
        10,
        10,
        10,
        10,
        10,
        10,
        10,
        10,
        10,
        10,
        10,
        null,
        null,
        null,
        1,
        10,
        null,
        null,
        1,
        10,
        null,
        null,
        null,
        null,
        null,
        null,
        null,
        10,
        null,
        null,
        1,
        30,
        30,
        null,
        null,
        null,
        null,
        null,
        30,
        30,
        30,
        30,
        30,
        30,
        30,
        30,
        30,
        30,
        30,
        30,
        30,
        null,
        null
      ],
      "/Users/thedanielvogelsang/TuringFolder/4module/Capstone/Van_CSV_Uploader/app/channels/application_cable/channel.rb": [
        0,
        0,
        0,
        0
      ],
      "/Users/thedanielvogelsang/TuringFolder/4module/Capstone/Van_CSV_Uploader/app/channels/application_cable/connection.rb": [
        0,
        0,
        0,
        0
      ],
      "/Users/thedanielvogelsang/TuringFolder/4module/Capstone/Van_CSV_Uploader/app/controllers/application_controller.rb": [
        0,
        0,
        null,
        0,
        null,
        0,
        0,
        0,
        null,
        0,
        0,
        0,
        0,
        0,
        0,
        0,
        0
      ],
      "/Users/thedanielvogelsang/TuringFolder/4module/Capstone/Van_CSV_Uploader/app/controllers/csv_loader_controller.rb": [
        0,
        0,
        0,
        null,
        0,
        0,
        0,
        null,
        0,
        0,
        0,
        0,
        0,
        0,
        null,
        0,
        0,
        0,
        0,
        0,
        0
      ],
      "/Users/thedanielvogelsang/TuringFolder/4module/Capstone/Van_CSV_Uploader/app/controllers/hello_world_controller.rb": [
        null,
        null,
        0,
        0,
        null,
        0,
        0,
        0,
        0
      ],
      "/Users/thedanielvogelsang/TuringFolder/4module/Capstone/Van_CSV_Uploader/app/controllers/home_controller.rb": [
        0,
        0,
        0,
        0
      ],
      "/Users/thedanielvogelsang/TuringFolder/4module/Capstone/Van_CSV_Uploader/app/controllers/sessions_controller.rb": [
        0,
        0,
        0,
        null,
        0,
        0,
        0,
        0,
        0,
        0,
        0,
        0,
        0,
        0,
        0,
        null,
        0,
        0,
        null,
        0,
        0,
        0,
        0,
        0
      ],
      "/Users/thedanielvogelsang/TuringFolder/4module/Capstone/Van_CSV_Uploader/app/controllers/users_controller.rb": [
        0,
        0,
        0,
        null,
        0,
        0,
        0,
        0,
        0,
        0,
        0,
        0,
        0,
        0,
        0,
        null,
        0,
        null,
        0,
        0,
        0,
        0,
        0,
        null,
        0,
        0,
        0,
        0
      ],
      "/Users/thedanielvogelsang/TuringFolder/4module/Capstone/Van_CSV_Uploader/app/jobs/application_job.rb": [
        0,
        0
      ],
      "/Users/thedanielvogelsang/TuringFolder/4module/Capstone/Van_CSV_Uploader/app/jobs/csv_importer_job.rb": [
        0,
        0,
        null,
        0,
        0,
        0,
        0
      ],
      "/Users/thedanielvogelsang/TuringFolder/4module/Capstone/Van_CSV_Uploader/app/jobs/send_email_job.rb": [
        0,
        0,
        null,
        0,
        null,
        0,
        0
      ],
      "/Users/thedanielvogelsang/TuringFolder/4module/Capstone/Van_CSV_Uploader/app/mailers/application_mailer.rb": [
        0,
        0,
        0,
        0
      ],
      "/Users/thedanielvogelsang/TuringFolder/4module/Capstone/Van_CSV_Uploader/app/models/application_record.rb": [
        0,
        0,
        0
      ],
      "/Users/thedanielvogelsang/TuringFolder/4module/Capstone/Van_CSV_Uploader/app/models/csv_importer.rb": [
        0,
        0,
        null,
        0,
        null,
        0,
        0,
        0,
        null,
        0,
        0,
        0,
        0,
        0,
        0,
        0,
        0,
        0,
        0,
        0,
        0,
        null,
        null,
        0,
        0,
        null,
        0,
        0,
        0,
        null,
        0
      ],
      "/Users/thedanielvogelsang/TuringFolder/4module/Capstone/Van_CSV_Uploader/app/models/user.rb": [
        0,
        0,
        0
      ],
      "/Users/thedanielvogelsang/TuringFolder/4module/Capstone/Van_CSV_Uploader/app/services/van_service.rb": [
        0,
        0,
        0,
        0,
        0,
        0,
        null,
        0,
        null,
        0,
        null,
        0,
        0,
        0,
        0
      ]
    },
    "timestamp": 1509583048
  }
}
